Base path: C:/Program Files/Unity/Editor/Data
Pipe name: \\.\pipe\UnityShaderCompiler-64bit-1-11900
Cmd: getPlatforms
Cmd: preprocess
  insize=2094 outsize=421 ok=1
Cmd: compileSnippet
  error: 2 plat 4 at (62): 'ComputeScreenPos': no matching 1 parameter function\nCompiling Vertex program
  error: 2 plat 4 at (62): invalid subscript 'vertex'\nCompiling Vertex program
  api=4 type=0 insize=1974 outsize=0 kw= pd= ok=0
Cmd: preprocess
  insize=2094 outsize=421 ok=1
Cmd: compileSnippet
  error: 2 plat 4 at (84): cannot implicitly convert from 'const float2' to 'float4'\nCompiling Vertex program
  api=4 type=0 insize=1974 outsize=0 kw= pd= ok=0
Cmd: preprocess
  insize=2094 outsize=421 ok=1
Cmd: compileSnippet
  error: 2 plat 4 at (86): if statement conditional expressions must evaluate to a scalar\nCompiling Vertex program
  api=4 type=0 insize=1974 outsize=0 kw= pd= ok=0
Cmd: preprocess
  insize=2096 outsize=421 ok=1
Cmd: compileSnippet
  api=4 type=0 insize=1976 outsize=1371 kw= pd= ok=1
Cmd: compileSnippet
  api=4 type=1 insize=1976 outsize=1753 kw= pd= ok=1
Cmd: preprocess
  insize=2234 outsize=470 ok=1
Cmd: compileSnippet
  error: 2 plat 4 at (92): undeclared identifier 'ScreenWidth'\nCompiling Vertex program
  api=4 type=0 insize=2065 outsize=0 kw= pd= ok=0
Cmd: preprocess
  insize=2235 outsize=470 ok=1
Cmd: compileSnippet
  api=4 type=0 insize=2066 outsize=1371 kw= pd= ok=1
Cmd: compileSnippet
  api=4 type=1 insize=2066 outsize=1851 kw= pd= ok=1
Cmd: preprocess
  insize=2264 outsize=470 ok=1
Cmd: compileSnippet
  api=4 type=0 insize=2095 outsize=1371 kw= pd= ok=1
Cmd: compileSnippet
  api=4 type=1 insize=2095 outsize=1769 kw= pd= ok=1
Cmd: preprocess
  insize=2255 outsize=470 ok=1
Cmd: compileSnippet
  api=4 type=0 insize=2086 outsize=1371 kw= pd= ok=1
Cmd: compileSnippet
  api=4 type=1 insize=2086 outsize=1997 kw= pd= ok=1
Cmd: preprocess
  insize=2418 outsize=585 ok=1
Cmd: compileSnippet
  api=4 type=0 insize=2134 outsize=1371 kw= pd= ok=1
Cmd: compileSnippet
  api=4 type=1 insize=2134 outsize=2151 kw= pd= ok=1
Cmd: preprocess
  insize=2426 outsize=585 ok=1
Cmd: compileSnippet
  api=4 type=0 insize=2142 outsize=1371 kw= pd= ok=1
Cmd: compileSnippet
  api=4 type=1 insize=2142 outsize=1526 kw= pd= ok=1
Cmd: preprocess
  insize=2408 outsize=585 ok=1
Cmd: compileSnippet
  api=4 type=0 insize=2124 outsize=1371 kw= pd= ok=1
Cmd: compileSnippet
  api=4 type=1 insize=2124 outsize=1428 kw= pd= ok=1
Cmd: preprocess
  insize=2426 outsize=585 ok=1
Cmd: preprocess
  insize=2412 outsize=585 ok=1
Cmd: compileSnippet
  api=4 type=0 insize=2128 outsize=1371 kw= pd= ok=1
Cmd: compileSnippet
  api=4 type=1 insize=2128 outsize=1461 kw= pd= ok=1
Cmd: preprocess
  insize=2426 outsize=585 ok=1
Cmd: preprocess
  insize=2459 outsize=585 ok=1
Cmd: compileSnippet
  error: 2 plat 4 at (90): invalid subscript 'w'\nCompiling Vertex program
  api=4 type=0 insize=2175 outsize=0 kw= pd= ok=0
Cmd: preprocess
  insize=2459 outsize=585 ok=1
Cmd: compileSnippet
  api=4 type=0 insize=2175 outsize=1412 kw= pd= ok=1
Cmd: compileSnippet
  api=4 type=1 insize=2175 outsize=1583 kw= pd= ok=1
Cmd: preprocess
  insize=2528 outsize=584 ok=1
Cmd: compileSnippet
  api=4 type=0 insize=2244 outsize=1412 kw= pd= ok=1
Cmd: compileSnippet
  api=4 type=1 insize=2244 outsize=1745 kw= pd= ok=1
Cmd: preprocess
  insize=2530 outsize=585 ok=1
Cmd: compileSnippet
  api=4 type=0 insize=2246 outsize=1412 kw= pd= ok=1
Cmd: compileSnippet
  api=4 type=1 insize=2246 outsize=1688 kw= pd= ok=1
Cmd: preprocess
  insize=2649 outsize=585 ok=1
Cmd: compileSnippet
  api=4 type=0 insize=2365 outsize=1274 kw= pd= ok=1
Cmd: compileSnippet
  api=4 type=1 insize=2365 outsize=1745 kw= pd= ok=1
Cmd: preprocess
  insize=2649 outsize=585 ok=1
Cmd: compileSnippet
  api=4 type=0 insize=2365 outsize=1412 kw= pd= ok=1
Cmd: compileSnippet
  api=4 type=1 insize=2365 outsize=1745 kw= pd= ok=1
Cmd: preprocess
  insize=2651 outsize=585 ok=1
Cmd: compileSnippet
  api=4 type=0 insize=2367 outsize=1412 kw= pd= ok=1
Cmd: compileSnippet
  api=4 type=1 insize=2367 outsize=1688 kw= pd= ok=1
Cmd: preprocess
  insize=2649 outsize=585 ok=1
Cmd: compileSnippet
  api=4 type=0 insize=2365 outsize=1412 kw= pd= ok=1
Cmd: compileSnippet
  api=4 type=1 insize=2365 outsize=1583 kw= pd= ok=1
Cmd: preprocess
  insize=2655 outsize=585 ok=1
Cmd: compileSnippet
  api=4 type=0 insize=2371 outsize=1412 kw= pd= ok=1
Cmd: compileSnippet
  api=4 type=1 insize=2371 outsize=1664 kw= pd= ok=1
Cmd: preprocess
  insize=2656 outsize=585 ok=1
Cmd: compileSnippet
  error: 2 plat 4 at (97): syntax error: unexpected token 'i'\nCompiling Vertex program
  api=4 type=0 insize=2372 outsize=0 kw= pd= ok=0
Cmd: preprocess
  insize=2661 outsize=585 ok=1
Cmd: compileSnippet
  error: 2 plat 4 at (97): syntax error: unexpected token 'i'\nCompiling Vertex program
  api=4 type=0 insize=2377 outsize=0 kw= pd= ok=0
Cmd: preprocess
  insize=2662 outsize=585 ok=1
Cmd: compileSnippet
  api=4 type=0 insize=2378 outsize=1412 kw= pd= ok=1
Cmd: compileSnippet
  api=4 type=1 insize=2378 outsize=1704 kw= pd= ok=1
Cmd: preprocess
  insize=2659 outsize=585 ok=1
Cmd: compileSnippet
  api=4 type=0 insize=2375 outsize=1412 kw= pd= ok=1
Cmd: compileSnippet
  api=4 type=1 insize=2375 outsize=1704 kw= pd= ok=1
Cmd: preprocess
  insize=2655 outsize=585 ok=1
Cmd: compileSnippet
  api=4 type=0 insize=2371 outsize=1412 kw= pd= ok=1
Cmd: compileSnippet
  api=4 type=1 insize=2371 outsize=1664 kw= pd= ok=1
Cmd: preprocess
  insize=2651 outsize=585 ok=1
Cmd: compileSnippet
  api=4 type=0 insize=2367 outsize=1412 kw= pd= ok=1
Cmd: compileSnippet
  api=4 type=1 insize=2367 outsize=1583 kw= pd= ok=1
Cmd: preprocess
  insize=2650 outsize=585 ok=1
Cmd: compileSnippet
  api=4 type=0 insize=2366 outsize=1412 kw= pd= ok=1
Cmd: compileSnippet
  api=4 type=1 insize=2366 outsize=1688 kw= pd= ok=1
Cmd: preprocess
  insize=2648 outsize=585 ok=1
Cmd: compileSnippet
  api=4 type=0 insize=2364 outsize=1412 kw= pd= ok=1
Cmd: compileSnippet
  api=4 type=1 insize=2364 outsize=1745 kw= pd= ok=1
Cmd: preprocess
  insize=2651 outsize=585 ok=1
Cmd: compileSnippet
  api=4 type=0 insize=2367 outsize=1412 kw= pd= ok=1
Cmd: compileSnippet
  api=4 type=1 insize=2367 outsize=1745 kw= pd= ok=1
Cmd: preprocess
  insize=2653 outsize=584 ok=1
Cmd: compileSnippet
  api=4 type=0 insize=2369 outsize=1412 kw= pd= ok=1
Cmd: compileSnippet
  api=4 type=1 insize=2369 outsize=1688 kw= pd= ok=1
Cmd: preprocess
  insize=2648 outsize=585 ok=1
Cmd: preprocess
  insize=2645 outsize=585 ok=1
Cmd: compileSnippet
  api=4 type=0 insize=2361 outsize=1396 kw= pd= ok=1
Cmd: compileSnippet
  api=4 type=1 insize=2361 outsize=1745 kw= pd= ok=1
Cmd: preprocess
  insize=2648 outsize=584 ok=1
Cmd: compileSnippet
  api=4 type=0 insize=2364 outsize=1396 kw= pd= ok=1
Cmd: compileSnippet
  api=4 type=1 insize=2364 outsize=1745 kw= pd= ok=1
Cmd: preprocess
  insize=2651 outsize=585 ok=1
Cmd: compileSnippet
  api=4 type=0 insize=2367 outsize=1396 kw= pd= ok=1
Cmd: compileSnippet
  api=4 type=1 insize=2367 outsize=1745 kw= pd= ok=1
Cmd: preprocess
  insize=2648 outsize=585 ok=1
Cmd: compileSnippet
  api=4 type=0 insize=2364 outsize=1396 kw= pd= ok=1
Cmd: compileSnippet
  api=4 type=1 insize=2364 outsize=1745 kw= pd= ok=1
Cmd: preprocess
  insize=2651 outsize=584 ok=1
Cmd: compileSnippet
  api=4 type=0 insize=2367 outsize=1396 kw= pd= ok=1
Cmd: compileSnippet
  api=4 type=1 insize=2367 outsize=1583 kw= pd= ok=1
Cmd: preprocess
  insize=2651 outsize=585 ok=1
Cmd: compileSnippet
  api=4 type=0 insize=2367 outsize=1396 kw= pd= ok=1
Cmd: compileSnippet
  api=4 type=1 insize=2367 outsize=1583 kw= pd= ok=1
Cmd: preprocess
  insize=2730 outsize=585 ok=1
Cmd: compileSnippet
  api=4 type=0 insize=2446 outsize=1396 kw= pd= ok=1
Cmd: compileSnippet
  api=4 type=1 insize=2446 outsize=1583 kw= pd= ok=1
Cmd: preprocess
  insize=2906 outsize=585 ok=1
Cmd: compileSnippet
  api=4 type=0 insize=2622 outsize=1396 kw= pd= ok=1
Cmd: compileSnippet
  api=4 type=1 insize=2622 outsize=2590 kw= pd= ok=1
Cmd: preprocess
  insize=2953 outsize=585 ok=1
Cmd: compileSnippet
  api=4 type=0 insize=2669 outsize=1396 kw= pd= ok=1
Cmd: compileSnippet
  api=4 type=1 insize=2669 outsize=2809 kw= pd= ok=1
Cmd: preprocess
  insize=3037 outsize=585 ok=1
Cmd: compileSnippet
  api=4 type=0 insize=2753 outsize=1396 kw= pd= ok=1
Cmd: compileSnippet
  api=4 type=1 insize=2753 outsize=2883 kw= pd= ok=1
Cmd: preprocess
  insize=3045 outsize=585 ok=1
Cmd: compileSnippet
  api=4 type=0 insize=2761 outsize=1396 kw= pd= ok=1
Cmd: compileSnippet
  api=4 type=1 insize=2761 outsize=2931 kw= pd= ok=1
Cmd: preprocess
  insize=3110 outsize=585 ok=1
Cmd: compileSnippet
  api=4 type=0 insize=2826 outsize=1396 kw= pd= ok=1
Cmd: compileSnippet
  api=4 type=1 insize=2826 outsize=3151 kw= pd= ok=1
Cmd: preprocess
  insize=3176 outsize=585 ok=1
Cmd: compileSnippet
  api=4 type=0 insize=2892 outsize=1396 kw= pd= ok=1
Cmd: compileSnippet
  api=4 type=1 insize=2892 outsize=3394 kw= pd= ok=1
Cmd: preprocess
  insize=3186 outsize=585 ok=1
Cmd: compileSnippet
  api=4 type=0 insize=2902 outsize=1396 kw= pd= ok=1
Cmd: compileSnippet
  api=4 type=1 insize=2902 outsize=3126 kw= pd= ok=1
Cmd: preprocess
  insize=3112 outsize=585 ok=1
Cmd: compileSnippet
  api=4 type=0 insize=2828 outsize=1396 kw= pd= ok=1
Cmd: compileSnippet
  api=4 type=1 insize=2828 outsize=3151 kw= pd= ok=1
